# JRE version: OpenJDK Runtime Environment Temurin-21.0.9+10 (21.0.9+10) (build 21.0.9+10-LTS)
# Java VM: OpenJDK 64-Bit Server VM Temurin-21.0.9+10 (21.0.9+10-LTS, mixed mode, sharing, tiered, compressed oops, compressed class ptrs, parallel gc, windows-amd64)
GC Precious Log:
 CardTable entry size: 512
 CPUs: 12 total, 12 available
 Memory: 15556M
 Large Page Support: Disabled
 NUMA Support: Disabled
 Compressed Oops: Enabled (32-bit)
 Alignments: Space 512K, Generation 512K, Heap 2M
 Heap Min Capacity: 100M
 Heap Initial Capacity: 100M
 Heap Max Capacity: 2G
 Pre-touch: Disabled
 Parallel Workers: 10
Heap:
 PSYoungGen      total 9728K, used 9304K [0x00000000d5580000, 0x00000000d6580000, 0x0000000100000000)
  eden space 5120K, 100% used [0x00000000d5580000,0x00000000d5a80000,0x00000000d5a80000)
  from space 4608K, 90% used [0x00000000d6100000,0x00000000d6516220,0x00000000d6580000)
  to   space 5120K, 0% used [0x00000000d5b80000,0x00000000d5b80000,0x00000000d6080000)
 ParOldGen       total 148480K, used 148383K [0x0000000080000000, 0x0000000089100000, 0x00000000d5580000)
  object space 148480K, 99% used [0x0000000080000000,0x00000000890f5e60,0x0000000089100000)
 Metaspace       used 70080K, committed 71744K, reserved 1114112K
  class space    used 7135K, committed 7872K, reserved 1048576K
GC Heap History (20 events):
Event: 52.378 GC heap before
{Heap before GC invocations=88 (full 3):
 PSYoungGen      total 6656K, used 6650K [0x00000000d5580000, 0x00000000d6400000, 0x0000000100000000)
  eden space 5120K, 100% used [0x00000000d5580000,0x00000000d5a80000,0x00000000d5a80000)
  from space 1536K, 99% used [0x00000000d6280000,0x00000000d63fe9e0,0x00000000d6400000)
  to   space 4608K, 0% used [0x00000000d5b00000,0x00000000d5b00000,0x00000000d5f80000)
 ParOldGen       total 125440K, used 125085K [0x0000000080000000, 0x0000000087a80000, 0x00000000d5580000)
  object space 125440K, 99% used [0x0000000080000000,0x0000000087a27678,0x0000000087a80000)
 Metaspace       used 69918K, committed 71488K, reserved 1114112K
  class space    used 7133K, committed 7872K, reserved 1048576K
}
Event: 52.382 GC heap after
{Heap after GC invocations=88 (full 3):
 PSYoungGen      total 9216K, used 3744K [0x00000000d5580000, 0x00000000d6300000, 0x0000000100000000)
  eden space 5120K, 0% used [0x00000000d5580000,0x00000000d5580000,0x00000000d5a80000)
  from space 4096K, 91% used [0x00000000d5b00000,0x00000000d5ea8000,0x00000000d5f00000)
  to   space 4096K, 0% used [0x00000000d5f00000,0x00000000d5f00000,0x00000000d6300000)
 ParOldGen       total 126976K, used 126616K [0x0000000080000000, 0x0000000087c00000, 0x00000000d5580000)
  object space 126976K, 99% used [0x0000000080000000,0x0000000087ba6078,0x0000000087c00000)
 Metaspace       used 69918K, committed 71488K, reserved 1114112K
  class space    used 7133K, committed 7872K, reserved 1048576K
}
Event: 52.425 GC heap before
{Heap before GC invocations=89 (full 3):
 PSYoungGen      total 9216K, used 8747K [0x00000000d5580000, 0x00000000d6300000, 0x0000000100000000)
  eden space 5120K, 97% used [0x00000000d5580000,0x00000000d5a62da8,0x00000000d5a80000)
  from space 4096K, 91% used [0x00000000d5b00000,0x00000000d5ea8000,0x00000000d5f00000)
  to   space 4096K, 0% used [0x00000000d5f00000,0x00000000d5f00000,0x00000000d6300000)
 ParOldGen       total 126976K, used 126616K [0x0000000080000000, 0x0000000087c00000, 0x00000000d5580000)
  object space 126976K, 99% used [0x0000000080000000,0x0000000087ba6078,0x0000000087c00000)
 Metaspace       used 69918K, committed 71488K, reserved 1114112K
  class space    used 7133K, committed 7872K, reserved 1048576K
}
Event: 52.428 GC heap after
{Heap after GC invocations=89 (full 3):
 PSYoungGen      total 8704K, used 3298K [0x00000000d5580000, 0x00000000d6280000, 0x0000000100000000)
  eden space 5120K, 0% used [0x00000000d5580000,0x00000000d5580000,0x00000000d5a80000)
  from space 3584K, 92% used [0x00000000d5f00000,0x00000000d6238800,0x00000000d6280000)
  to   space 3584K, 0% used [0x00000000d5b80000,0x00000000d5b80000,0x00000000d5f00000)
 ParOldGen       total 130560K, used 130244K [0x0000000080000000, 0x0000000087f80000, 0x00000000d5580000)
  object space 130560K, 99% used [0x0000000080000000,0x0000000087f31088,0x0000000087f80000)
 Metaspace       used 69918K, committed 71488K, reserved 1114112K
  class space    used 7133K, committed 7872K, reserved 1048576K
}
Event: 52.492 GC heap before
{Heap before GC invocations=90 (full 3):
 PSYoungGen      total 8704K, used 8418K [0x00000000d5580000, 0x00000000d6280000, 0x0000000100000000)
  eden space 5120K, 100% used [0x00000000d5580000,0x00000000d5a80000,0x00000000d5a80000)
  from space 3584K, 92% used [0x00000000d5f00000,0x00000000d6238800,0x00000000d6280000)
  to   space 3584K, 0% used [0x00000000d5b80000,0x00000000d5b80000,0x00000000d5f00000)
 ParOldGen       total 130560K, used 130244K [0x0000000080000000, 0x0000000087f80000, 0x00000000d5580000)
  object space 130560K, 99% used [0x0000000080000000,0x0000000087f31088,0x0000000087f80000)
 Metaspace       used 69918K, committed 71488K, reserved 1114112K
  class space    used 7133K, committed 7872K, reserved 1048576K
}
Event: 52.495 GC heap after
{Heap after GC invocations=90 (full 3):
 PSYoungGen      total 8704K, used 3580K [0x00000000d5580000, 0x00000000d6880000, 0x0000000100000000)
  eden space 5120K, 0% used [0x00000000d5580000,0x00000000d5580000,0x00000000d5a80000)
  from space 3584K, 99% used [0x00000000d5b80000,0x00000000d5eff000,0x00000000d5f00000)
  to   space 7168K, 0% used [0x00000000d6180000,0x00000000d6180000,0x00000000d6880000)
 ParOldGen       total 133120K, used 133077K [0x0000000080000000, 0x0000000088200000, 0x00000000d5580000)
  object space 133120K, 99% used [0x0000000080000000,0x00000000881f5488,0x0000000088200000)
 Metaspace       used 69918K, committed 71488K, reserved 1114112K
  class space    used 7133K, committed 7872K, reserved 1048576K
}
Event: 52.592 GC heap before
{Heap before GC invocations=91 (full 3):
 PSYoungGen      total 8704K, used 8700K [0x00000000d5580000, 0x00000000d6880000, 0x0000000100000000)
  eden space 5120K, 100% used [0x00000000d5580000,0x00000000d5a80000,0x00000000d5a80000)
  from space 3584K, 99% used [0x00000000d5b80000,0x00000000d5eff000,0x00000000d5f00000)
  to   space 7168K, 0% used [0x00000000d6180000,0x00000000d6180000,0x00000000d6880000)
 ParOldGen       total 133120K, used 133077K [0x0000000080000000, 0x0000000088200000, 0x00000000d5580000)
  object space 133120K, 99% used [0x0000000080000000,0x00000000881f5488,0x0000000088200000)
 Metaspace       used 69918K, committed 71488K, reserved 1114112K
  class space    used 7133K, committed 7872K, reserved 1048576K
}
Event: 52.596 GC heap after
{Heap after GC invocations=91 (full 3):
 PSYoungGen      total 9728K, used 4184K [0x00000000d5580000, 0x00000000d6600000, 0x0000000100000000)
  eden space 5120K, 0% used [0x00000000d5580000,0x00000000d5580000,0x00000000d5a80000)
  from space 4608K, 90% used [0x00000000d6180000,0x00000000d6596000,0x00000000d6600000)
  to   space 5120K, 0% used [0x00000000d5c00000,0x00000000d5c00000,0x00000000d6100000)
 ParOldGen       total 137216K, used 136713K [0x0000000080000000, 0x0000000088600000, 0x00000000d5580000)
  object space 137216K, 99% used [0x0000000080000000,0x0000000088582488,0x0000000088600000)
 Metaspace       used 69918K, committed 71488K, reserved 1114112K
  class space    used 7133K, committed 7872K, reserved 1048576K
}
Event: 53.091 GC heap before
{Heap before GC invocations=92 (full 3):
 PSYoungGen      total 9728K, used 9304K [0x00000000d5580000, 0x00000000d6600000, 0x0000000100000000)
  eden space 5120K, 100% used [0x00000000d5580000,0x00000000d5a80000,0x00000000d5a80000)
  from space 4608K, 90% used [0x00000000d6180000,0x00000000d6596000,0x00000000d6600000)
  to   space 5120K, 0% used [0x00000000d5c00000,0x00000000d5c00000,0x00000000d6100000)
 ParOldGen       total 137216K, used 136713K [0x0000000080000000, 0x0000000088600000, 0x00000000d5580000)
  object space 137216K, 99% used [0x0000000080000000,0x0000000088582488,0x0000000088600000)
 Metaspace       used 69947K, committed 71552K, reserved 1114112K
  class space    used 7134K, committed 7872K, reserved 1048576K
}
Event: 53.094 GC heap after
{Heap after GC invocations=92 (full 3):
 PSYoungGen      total 5632K, used 160K [0x00000000d5580000, 0x00000000d6200000, 0x0000000100000000)
  eden space 5120K, 0% used [0x00000000d5580000,0x00000000d5580000,0x00000000d5a80000)
  from space 512K, 31% used [0x00000000d5c00000,0x00000000d5c28000,0x00000000d5c80000)
  to   space 2048K, 0% used [0x00000000d6000000,0x00000000d6000000,0x00000000d6200000)
 ParOldGen       total 140800K, used 140784K [0x0000000080000000, 0x0000000088980000, 0x00000000d5580000)
  object space 140800K, 99% used [0x0000000080000000,0x000000008897c398,0x0000000088980000)
 Metaspace       used 69947K, committed 71552K, reserved 1114112K
  class space    used 7134K, committed 7872K, reserved 1048576K
}
Event: 54.036 GC heap before
{Heap before GC invocations=93 (full 3):
 PSYoungGen      total 5632K, used 5280K [0x00000000d5580000, 0x00000000d6200000, 0x0000000100000000)
  eden space 5120K, 100% used [0x00000000d5580000,0x00000000d5a80000,0x00000000d5a80000)
  from space 512K, 31% used [0x00000000d5c00000,0x00000000d5c28000,0x00000000d5c80000)
  to   space 2048K, 0% used [0x00000000d6000000,0x00000000d6000000,0x00000000d6200000)
 ParOldGen       total 140800K, used 140784K [0x0000000080000000, 0x0000000088980000, 0x00000000d5580000)
  object space 140800K, 99% used [0x0000000080000000,0x000000008897c398,0x0000000088980000)
 Metaspace       used 69991K, committed 71616K, reserved 1114112K
  class space    used 7135K, committed 7872K, reserved 1048576K
}
Event: 54.037 GC heap after
{Heap after GC invocations=93 (full 3):
 PSYoungGen      total 5632K, used 288K [0x00000000d5580000, 0x00000000d6080000, 0x0000000100000000)
  eden space 5120K, 0% used [0x00000000d5580000,0x00000000d5580000,0x00000000d5a80000)
  from space 512K, 56% used [0x00000000d6000000,0x00000000d6048000,0x00000000d6080000)
  to   space 1024K, 0% used [0x00000000d5e80000,0x00000000d5e80000,0x00000000d5f80000)
 ParOldGen       total 141312K, used 140848K [0x0000000080000000, 0x0000000088a00000, 0x00000000d5580000)
  object space 141312K, 99% used [0x0000000080000000,0x000000008898c398,0x0000000088a00000)
 Metaspace       used 69991K, committed 71616K, reserved 1114112K
  class space    used 7135K, committed 7872K, reserved 1048576K
}
Event: 54.220 GC heap before
{Heap before GC invocations=94 (full 3):
 PSYoungGen      total 5632K, used 5408K [0x00000000d5580000, 0x00000000d6080000, 0x0000000100000000)
  eden space 5120K, 100% used [0x00000000d5580000,0x00000000d5a80000,0x00000000d5a80000)
  from space 512K, 56% used [0x00000000d6000000,0x00000000d6048000,0x00000000d6080000)
  to   space 1024K, 0% used [0x00000000d5e80000,0x00000000d5e80000,0x00000000d5f80000)
 ParOldGen       total 141312K, used 140848K [0x0000000080000000, 0x0000000088a00000, 0x00000000d5580000)
  object space 141312K, 99% used [0x0000000080000000,0x000000008898c398,0x0000000088a00000)
 Metaspace       used 70004K, committed 71616K, reserved 1114112K
  class space    used 7135K, committed 7872K, reserved 1048576K
}
Event: 54.221 GC heap after
{Heap after GC invocations=94 (full 3):
 PSYoungGen      total 6144K, used 288K [0x00000000d5580000, 0x00000000d6080000, 0x0000000100000000)
  eden space 5120K, 0% used [0x00000000d5580000,0x00000000d5580000,0x00000000d5a80000)
  from space 1024K, 28% used [0x00000000d5e80000,0x00000000d5ec8000,0x00000000d5f80000)
  to   space 512K, 0% used [0x00000000d6000000,0x00000000d6000000,0x00000000d6080000)
 ParOldGen       total 141312K, used 140912K [0x0000000080000000, 0x0000000088a00000, 0x00000000d5580000)
  object space 141312K, 99% used [0x0000000080000000,0x000000008899c398,0x0000000088a00000)
 Metaspace       used 70004K, committed 71616K, reserved 1114112K
  class space    used 7135K, committed 7872K, reserved 1048576K
}
Event: 54.353 GC heap before
{Heap before GC invocations=95 (full 3):
 PSYoungGen      total 6144K, used 5408K [0x00000000d5580000, 0x00000000d6080000, 0x0000000100000000)
  eden space 5120K, 100% used [0x00000000d5580000,0x00000000d5a80000,0x00000000d5a80000)
  from space 1024K, 28% used [0x00000000d5e80000,0x00000000d5ec8000,0x00000000d5f80000)
  to   space 512K, 0% used [0x00000000d6000000,0x00000000d6000000,0x00000000d6080000)
 ParOldGen       total 141312K, used 140912K [0x0000000080000000, 0x0000000088a00000, 0x00000000d5580000)
  object space 141312K, 99% used [0x0000000080000000,0x000000008899c398,0x0000000088a00000)
 Metaspace       used 70010K, committed 71616K, reserved 1114112K
  class space    used 7135K, committed 7872K, reserved 1048576K
}
Event: 54.356 GC heap after
{Heap after GC invocations=95 (full 3):
 PSYoungGen      total 5632K, used 512K [0x00000000d5580000, 0x00000000d6080000, 0x0000000100000000)
  eden space 5120K, 0% used [0x00000000d5580000,0x00000000d5580000,0x00000000d5a80000)
  from space 512K, 100% used [0x00000000d6000000,0x00000000d6080000,0x00000000d6080000)
  to   space 2048K, 0% used [0x00000000d5c80000,0x00000000d5c80000,0x00000000d5e80000)
 ParOldGen       total 142336K, used 142038K [0x0000000080000000, 0x0000000088b00000, 0x00000000d5580000)
  object space 142336K, 99% used [0x0000000080000000,0x0000000088ab5838,0x0000000088b00000)
 Metaspace       used 70010K, committed 71616K, reserved 1114112K
  class space    used 7135K, committed 7872K, reserved 1048576K
}
Event: 54.385 GC heap before
{Heap before GC invocations=96 (full 3):
 PSYoungGen      total 5632K, used 5632K [0x00000000d5580000, 0x00000000d6080000, 0x0000000100000000)
  eden space 5120K, 100% used [0x00000000d5580000,0x00000000d5a80000,0x00000000d5a80000)
  from space 512K, 100% used [0x00000000d6000000,0x00000000d6080000,0x00000000d6080000)
  to   space 2048K, 0% used [0x00000000d5c80000,0x00000000d5c80000,0x00000000d5e80000)
 ParOldGen       total 142336K, used 142038K [0x0000000080000000, 0x0000000088b00000, 0x00000000d5580000)
  object space 142336K, 99% used [0x0000000080000000,0x0000000088ab5838,0x0000000088b00000)
 Metaspace       used 70072K, committed 71680K, reserved 1114112K
  class space    used 7135K, committed 7872K, reserved 1048576K
}
Event: 54.390 GC heap after
{Heap after GC invocations=96 (full 3):
 PSYoungGen      total 7168K, used 2048K [0x00000000d5580000, 0x00000000d6780000, 0x0000000100000000)
  eden space 5120K, 0% used [0x00000000d5580000,0x00000000d5580000,0x00000000d5a80000)
  from space 2048K, 100% used [0x00000000d5c80000,0x00000000d5e80000,0x00000000d5e80000)
  to   space 6656K, 0% used [0x00000000d6100000,0x00000000d6100000,0x00000000d6780000)
 ParOldGen       total 145920K, used 145455K [0x0000000080000000, 0x0000000088e80000, 0x00000000d5580000)
  object space 145920K, 99% used [0x0000000080000000,0x0000000088e0be60,0x0000000088e80000)
 Metaspace       used 70072K, committed 71680K, reserved 1114112K
  class space    used 7135K, committed 7872K, reserved 1048576K
}
Event: 54.416 GC heap before
{Heap before GC invocations=97 (full 3):
 PSYoungGen      total 7168K, used 7064K [0x00000000d5580000, 0x00000000d6780000, 0x0000000100000000)
  eden space 5120K, 97% used [0x00000000d5580000,0x00000000d5a66380,0x00000000d5a80000)
  from space 2048K, 100% used [0x00000000d5c80000,0x00000000d5e80000,0x00000000d5e80000)
  to   space 6656K, 0% used [0x00000000d6100000,0x00000000d6100000,0x00000000d6780000)
 ParOldGen       total 145920K, used 145455K [0x0000000080000000, 0x0000000088e80000, 0x00000000d5580000)
  object space 145920K, 99% used [0x0000000080000000,0x0000000088e0be60,0x0000000088e80000)
 Metaspace       used 70074K, committed 71680K, reserved 1114112K
  class space    used 7135K, committed 7872K, reserved 1048576K
}
Event: 54.420 GC heap after
{Heap after GC invocations=97 (full 3):
 PSYoungGen      total 9728K, used 4184K [0x00000000d5580000, 0x00000000d6580000, 0x0000000100000000)
  eden space 5120K, 0% used [0x00000000d5580000,0x00000000d5580000,0x00000000d5a80000)
  from space 4608K, 90% used [0x00000000d6100000,0x00000000d6516220,0x00000000d6580000)
  to   space 5120K, 0% used [0x00000000d5b80000,0x00000000d5b80000,0x00000000d6080000)
 ParOldGen       total 147968K, used 147567K [0x0000000080000000, 0x0000000089080000, 0x00000000d5580000)
  object space 147968K, 99% used [0x0000000080000000,0x000000008901be60,0x0000000089080000)
 Metaspace       used 70074K, committed 71680K, reserved 1114112K
  class space    used 7135K, committed 7872K, reserved 1048576K
}

