# JRE version: OpenJDK Runtime Environment Temurin-21.0.9+10 (21.0.9+10) (build 21.0.9+10-LTS)
# Java VM: OpenJDK 64-Bit Server VM Temurin-21.0.9+10 (21.0.9+10-LTS, mixed mode, sharing, tiered, compressed oops, compressed class ptrs, parallel gc, windows-amd64)
GC Precious Log:
 CardTable entry size: 512
 CPUs: 12 total, 12 available
 Memory: 15556M
 Large Page Support: Disabled
 NUMA Support: Disabled
 Compressed Oops: Enabled (32-bit)
 Alignments: Space 512K, Generation 512K, Heap 2M
 Heap Min Capacity: 100M
 Heap Initial Capacity: 100M
 Heap Max Capacity: 2G
 Pre-touch: Disabled
 Parallel Workers: 10
Heap:
 PSYoungGen      total 6144K, used 3569K [0x00000000d5580000, 0x00000000d7180000, 0x0000000100000000)
  eden space 5632K, 54% used [0x00000000d5580000,0x00000000d587c5a8,0x00000000d5b00000)
  from space 512K, 100% used [0x00000000d6300000,0x00000000d6380000,0x00000000d6380000)
  to   space 8192K, 0% used [0x00000000d5b00000,0x00000000d5b00000,0x00000000d6300000)
 ParOldGen       total 75776K, used 75634K [0x0000000080000000, 0x0000000084a00000, 0x00000000d5580000)
  object space 75776K, 99% used [0x0000000080000000,0x00000000849dca28,0x0000000084a00000)
 Metaspace       used 66034K, committed 67584K, reserved 1114112K
  class space    used 6861K, committed 7552K, reserved 1048576K
GC Heap History (20 events):
Event: 13.182 GC heap before
{Heap before GC invocations=50 (full 3):
 PSYoungGen      total 16896K, used 16416K [0x00000000d5580000, 0x00000000d6880000, 0x0000000100000000)
  eden space 15360K, 100% used [0x00000000d5580000,0x00000000d6480000,0x00000000d6480000)
  from space 1536K, 68% used [0x00000000d6700000,0x00000000d6808000,0x00000000d6880000)
  to   space 1536K, 0% used [0x00000000d6580000,0x00000000d6580000,0x00000000d6700000)
 ParOldGen       total 68608K, used 61004K [0x0000000080000000, 0x0000000084300000, 0x00000000d5580000)
  object space 68608K, 88% used [0x0000000080000000,0x0000000083b93090,0x0000000084300000)
 Metaspace       used 62560K, committed 64000K, reserved 1114112K
  class space    used 6519K, committed 7168K, reserved 1048576K
}
Event: 13.184 GC heap after
{Heap after GC invocations=50 (full 3):
 PSYoungGen      total 16384K, used 869K [0x00000000d5580000, 0x00000000d6780000, 0x0000000100000000)
  eden space 15360K, 0% used [0x00000000d5580000,0x00000000d5580000,0x00000000d6480000)
  from space 1024K, 84% used [0x00000000d6580000,0x00000000d6659420,0x00000000d6680000)
  to   space 1024K, 0% used [0x00000000d6680000,0x00000000d6680000,0x00000000d6780000)
 ParOldGen       total 68608K, used 61940K [0x0000000080000000, 0x0000000084300000, 0x00000000d5580000)
  object space 68608K, 90% used [0x0000000080000000,0x0000000083c7d090,0x0000000084300000)
 Metaspace       used 62560K, committed 64000K, reserved 1114112K
  class space    used 6519K, committed 7168K, reserved 1048576K
}
Event: 13.456 GC heap before
{Heap before GC invocations=51 (full 3):
 PSYoungGen      total 16384K, used 16229K [0x00000000d5580000, 0x00000000d6780000, 0x0000000100000000)
  eden space 15360K, 100% used [0x00000000d5580000,0x00000000d6480000,0x00000000d6480000)
  from space 1024K, 84% used [0x00000000d6580000,0x00000000d6659420,0x00000000d6680000)
  to   space 1024K, 0% used [0x00000000d6680000,0x00000000d6680000,0x00000000d6780000)
 ParOldGen       total 68608K, used 61940K [0x0000000080000000, 0x0000000084300000, 0x00000000d5580000)
  object space 68608K, 90% used [0x0000000080000000,0x0000000083c7d090,0x0000000084300000)
 Metaspace       used 62708K, committed 64128K, reserved 1114112K
  class space    used 6519K, committed 7168K, reserved 1048576K
}
Event: 13.459 GC heap after
{Heap after GC invocations=51 (full 3):
 PSYoungGen      total 13312K, used 1006K [0x00000000d5580000, 0x00000000d6e80000, 0x0000000100000000)
  eden space 12288K, 0% used [0x00000000d5580000,0x00000000d5580000,0x00000000d6180000)
  from space 1024K, 98% used [0x00000000d6680000,0x00000000d677b9e0,0x00000000d6780000)
  to   space 5120K, 0% used [0x00000000d6180000,0x00000000d6180000,0x00000000d6680000)
 ParOldGen       total 68608K, used 65163K [0x0000000080000000, 0x0000000084300000, 0x00000000d5580000)
  object space 68608K, 94% used [0x0000000080000000,0x0000000083fa2d80,0x0000000084300000)
 Metaspace       used 62708K, committed 64128K, reserved 1114112K
  class space    used 6519K, committed 7168K, reserved 1048576K
}
Event: 13.537 GC heap before
{Heap before GC invocations=52 (full 3):
 PSYoungGen      total 13312K, used 13279K [0x00000000d5580000, 0x00000000d6e80000, 0x0000000100000000)
  eden space 12288K, 99% used [0x00000000d5580000,0x00000000d617c4c0,0x00000000d6180000)
  from space 1024K, 98% used [0x00000000d6680000,0x00000000d677b9e0,0x00000000d6780000)
  to   space 5120K, 0% used [0x00000000d6180000,0x00000000d6180000,0x00000000d6680000)
 ParOldGen       total 68608K, used 65163K [0x0000000080000000, 0x0000000084300000, 0x00000000d5580000)
  object space 68608K, 94% used [0x0000000080000000,0x0000000083fa2d80,0x0000000084300000)
 Metaspace       used 62893K, committed 64320K, reserved 1114112K
  class space    used 6531K, committed 7168K, reserved 1048576K
}
Event: 13.540 GC heap after
{Heap after GC invocations=52 (full 3):
 PSYoungGen      total 14336K, used 1616K [0x00000000d5580000, 0x00000000d6700000, 0x0000000100000000)
  eden space 12288K, 0% used [0x00000000d5580000,0x00000000d5580000,0x00000000d6180000)
  from space 2048K, 78% used [0x00000000d6180000,0x00000000d6314010,0x00000000d6380000)
  to   space 2560K, 0% used [0x00000000d6480000,0x00000000d6480000,0x00000000d6700000)
 ParOldGen       total 68608K, used 65363K [0x0000000080000000, 0x0000000084300000, 0x00000000d5580000)
  object space 68608K, 95% used [0x0000000080000000,0x0000000083fd4d80,0x0000000084300000)
 Metaspace       used 62893K, committed 64320K, reserved 1114112K
  class space    used 6531K, committed 7168K, reserved 1048576K
}
Event: 13.568 GC heap before
{Heap before GC invocations=53 (full 3):
 PSYoungGen      total 14336K, used 13904K [0x00000000d5580000, 0x00000000d6700000, 0x0000000100000000)
  eden space 12288K, 100% used [0x00000000d5580000,0x00000000d6180000,0x00000000d6180000)
  from space 2048K, 78% used [0x00000000d6180000,0x00000000d6314010,0x00000000d6380000)
  to   space 2560K, 0% used [0x00000000d6480000,0x00000000d6480000,0x00000000d6700000)
 ParOldGen       total 68608K, used 65363K [0x0000000080000000, 0x0000000084300000, 0x00000000d5580000)
  object space 68608K, 95% used [0x0000000080000000,0x0000000083fd4d80,0x0000000084300000)
 Metaspace       used 62914K, committed 64320K, reserved 1114112K
  class space    used 6531K, committed 7168K, reserved 1048576K
}
Event: 13.570 GC heap after
{Heap after GC invocations=53 (full 3):
 PSYoungGen      total 14336K, used 1632K [0x00000000d5580000, 0x00000000d6680000, 0x0000000100000000)
  eden space 12288K, 0% used [0x00000000d5580000,0x00000000d5580000,0x00000000d6180000)
  from space 2048K, 79% used [0x00000000d6480000,0x00000000d6618000,0x00000000d6680000)
  to   space 2048K, 0% used [0x00000000d6180000,0x00000000d6180000,0x00000000d6380000)
 ParOldGen       total 68608K, used 66567K [0x0000000080000000, 0x0000000084300000, 0x00000000d5580000)
  object space 68608K, 97% used [0x0000000080000000,0x0000000084101dd0,0x0000000084300000)
 Metaspace       used 62914K, committed 64320K, reserved 1114112K
  class space    used 6531K, committed 7168K, reserved 1048576K
}
Event: 13.659 GC heap before
{Heap before GC invocations=54 (full 3):
 PSYoungGen      total 14336K, used 13920K [0x00000000d5580000, 0x00000000d6680000, 0x0000000100000000)
  eden space 12288K, 100% used [0x00000000d5580000,0x00000000d6180000,0x00000000d6180000)
  from space 2048K, 79% used [0x00000000d6480000,0x00000000d6618000,0x00000000d6680000)
  to   space 2048K, 0% used [0x00000000d6180000,0x00000000d6180000,0x00000000d6380000)
 ParOldGen       total 68608K, used 66567K [0x0000000080000000, 0x0000000084300000, 0x00000000d5580000)
  object space 68608K, 97% used [0x0000000080000000,0x0000000084101dd0,0x0000000084300000)
 Metaspace       used 63018K, committed 64448K, reserved 1114112K
  class space    used 6538K, committed 7168K, reserved 1048576K
}
Event: 13.661 GC heap after
{Heap after GC invocations=54 (full 3):
 PSYoungGen      total 14336K, used 704K [0x00000000d5580000, 0x00000000d6500000, 0x0000000100000000)
  eden space 12288K, 0% used [0x00000000d5580000,0x00000000d5580000,0x00000000d6180000)
  from space 2048K, 34% used [0x00000000d6180000,0x00000000d6230000,0x00000000d6380000)
  to   space 1536K, 0% used [0x00000000d6380000,0x00000000d6380000,0x00000000d6500000)
 ParOldGen       total 68608K, used 67639K [0x0000000080000000, 0x0000000084300000, 0x00000000d5580000)
  object space 68608K, 98% used [0x0000000080000000,0x000000008420ddd0,0x0000000084300000)
 Metaspace       used 63018K, committed 64448K, reserved 1114112K
  class space    used 6538K, committed 7168K, reserved 1048576K
}
Event: 14.177 GC heap before
{Heap before GC invocations=55 (full 3):
 PSYoungGen      total 14336K, used 12991K [0x00000000d5580000, 0x00000000d6500000, 0x0000000100000000)
  eden space 12288K, 99% used [0x00000000d5580000,0x00000000d617fc80,0x00000000d6180000)
  from space 2048K, 34% used [0x00000000d6180000,0x00000000d6230000,0x00000000d6380000)
  to   space 1536K, 0% used [0x00000000d6380000,0x00000000d6380000,0x00000000d6500000)
 ParOldGen       total 68608K, used 67639K [0x0000000080000000, 0x0000000084300000, 0x00000000d5580000)
  object space 68608K, 98% used [0x0000000080000000,0x000000008420ddd0,0x0000000084300000)
 Metaspace       used 63754K, committed 65152K, reserved 1114112K
  class space    used 6609K, committed 7232K, reserved 1048576K
}
Event: 14.178 GC heap after
{Heap after GC invocations=55 (full 3):
 PSYoungGen      total 12800K, used 480K [0x00000000d5580000, 0x00000000d6400000, 0x0000000100000000)
  eden space 12288K, 0% used [0x00000000d5580000,0x00000000d5580000,0x00000000d6180000)
  from space 512K, 93% used [0x00000000d6380000,0x00000000d63f8000,0x00000000d6400000)
  to   space 1024K, 0% used [0x00000000d6200000,0x00000000d6200000,0x00000000d6300000)
 ParOldGen       total 68608K, used 68167K [0x0000000080000000, 0x0000000084300000, 0x00000000d5580000)
  object space 68608K, 99% used [0x0000000080000000,0x0000000084291dd0,0x0000000084300000)
 Metaspace       used 63754K, committed 65152K, reserved 1114112K
  class space    used 6609K, committed 7232K, reserved 1048576K
}
Event: 14.413 GC heap before
{Heap before GC invocations=56 (full 3):
 PSYoungGen      total 12800K, used 12767K [0x00000000d5580000, 0x00000000d6400000, 0x0000000100000000)
  eden space 12288K, 99% used [0x00000000d5580000,0x00000000d617ffc8,0x00000000d6180000)
  from space 512K, 93% used [0x00000000d6380000,0x00000000d63f8000,0x00000000d6400000)
  to   space 1024K, 0% used [0x00000000d6200000,0x00000000d6200000,0x00000000d6300000)
 ParOldGen       total 68608K, used 68167K [0x0000000080000000, 0x0000000084300000, 0x00000000d5580000)
  object space 68608K, 99% used [0x0000000080000000,0x0000000084291dd0,0x0000000084300000)
 Metaspace       used 64932K, committed 66496K, reserved 1114112K
  class space    used 6757K, committed 7488K, reserved 1048576K
}
Event: 14.414 GC heap after
{Heap after GC invocations=56 (full 3):
 PSYoungGen      total 13312K, used 504K [0x00000000d5580000, 0x00000000d6400000, 0x0000000100000000)
  eden space 12288K, 0% used [0x00000000d5580000,0x00000000d5580000,0x00000000d6180000)
  from space 1024K, 49% used [0x00000000d6200000,0x00000000d627e1c8,0x00000000d6300000)
  to   space 1024K, 0% used [0x00000000d6300000,0x00000000d6300000,0x00000000d6400000)
 ParOldGen       total 68608K, used 68485K [0x0000000080000000, 0x0000000084300000, 0x00000000d5580000)
  object space 68608K, 99% used [0x0000000080000000,0x00000000842e15a8,0x0000000084300000)
 Metaspace       used 64932K, committed 66496K, reserved 1114112K
  class space    used 6757K, committed 7488K, reserved 1048576K
}
Event: 14.646 GC heap before
{Heap before GC invocations=57 (full 3):
 PSYoungGen      total 13312K, used 12791K [0x00000000d5580000, 0x00000000d6400000, 0x0000000100000000)
  eden space 12288K, 99% used [0x00000000d5580000,0x00000000d617fda0,0x00000000d6180000)
  from space 1024K, 49% used [0x00000000d6200000,0x00000000d627e1c8,0x00000000d6300000)
  to   space 1024K, 0% used [0x00000000d6300000,0x00000000d6300000,0x00000000d6400000)
 ParOldGen       total 68608K, used 68485K [0x0000000080000000, 0x0000000084300000, 0x00000000d5580000)
  object space 68608K, 99% used [0x0000000080000000,0x00000000842e15a8,0x0000000084300000)
 Metaspace       used 65079K, committed 66688K, reserved 1114112K
  class space    used 6764K, committed 7488K, reserved 1048576K
}
Event: 14.648 GC heap after
{Heap after GC invocations=57 (full 3):
 PSYoungGen      total 13312K, used 881K [0x00000000d5580000, 0x00000000d6400000, 0x0000000100000000)
  eden space 12288K, 0% used [0x00000000d5580000,0x00000000d5580000,0x00000000d6180000)
  from space 1024K, 86% used [0x00000000d6300000,0x00000000d63dc680,0x00000000d6400000)
  to   space 1024K, 0% used [0x00000000d6200000,0x00000000d6200000,0x00000000d6300000)
 ParOldGen       total 69120K, used 68776K [0x0000000080000000, 0x0000000084380000, 0x00000000d5580000)
  object space 69120K, 99% used [0x0000000080000000,0x000000008432a038,0x0000000084380000)
 Metaspace       used 65079K, committed 66688K, reserved 1114112K
  class space    used 6764K, committed 7488K, reserved 1048576K
}
Event: 14.823 GC heap before
{Heap before GC invocations=58 (full 3):
 PSYoungGen      total 13312K, used 13158K [0x00000000d5580000, 0x00000000d6400000, 0x0000000100000000)
  eden space 12288K, 99% used [0x00000000d5580000,0x00000000d617d1c8,0x00000000d6180000)
  from space 1024K, 86% used [0x00000000d6300000,0x00000000d63dc680,0x00000000d6400000)
  to   space 1024K, 0% used [0x00000000d6200000,0x00000000d6200000,0x00000000d6300000)
 ParOldGen       total 69120K, used 68776K [0x0000000080000000, 0x0000000084380000, 0x00000000d5580000)
  object space 69120K, 99% used [0x0000000080000000,0x000000008432a038,0x0000000084380000)
 Metaspace       used 65451K, committed 67008K, reserved 1114112K
  class space    used 6800K, committed 7488K, reserved 1048576K
}
Event: 14.825 GC heap after
{Heap after GC invocations=58 (full 3):
 PSYoungGen      total 13312K, used 792K [0x00000000d5580000, 0x00000000d6380000, 0x0000000100000000)
  eden space 12288K, 0% used [0x00000000d5580000,0x00000000d5580000,0x00000000d6180000)
  from space 1024K, 77% used [0x00000000d6200000,0x00000000d62c61b8,0x00000000d6300000)
  to   space 512K, 0% used [0x00000000d6300000,0x00000000d6300000,0x00000000d6380000)
 ParOldGen       total 69632K, used 69194K [0x0000000080000000, 0x0000000084400000, 0x00000000d5580000)
  object space 69632K, 99% used [0x0000000080000000,0x0000000084392a90,0x0000000084400000)
 Metaspace       used 65451K, committed 67008K, reserved 1114112K
  class space    used 6800K, committed 7488K, reserved 1048576K
}
Event: 14.950 GC heap before
{Heap before GC invocations=59 (full 3):
 PSYoungGen      total 13312K, used 13080K [0x00000000d5580000, 0x00000000d6380000, 0x0000000100000000)
  eden space 12288K, 100% used [0x00000000d5580000,0x00000000d6180000,0x00000000d6180000)
  from space 1024K, 77% used [0x00000000d6200000,0x00000000d62c61b8,0x00000000d6300000)
  to   space 512K, 0% used [0x00000000d6300000,0x00000000d6300000,0x00000000d6380000)
 ParOldGen       total 69632K, used 69194K [0x0000000080000000, 0x0000000084400000, 0x00000000d5580000)
  object space 69632K, 99% used [0x0000000080000000,0x0000000084392a90,0x0000000084400000)
 Metaspace       used 65989K, committed 67584K, reserved 1114112K
  class space    used 6858K, committed 7552K, reserved 1048576K
}
Event: 14.958 GC heap after
{Heap after GC invocations=59 (full 3):
 PSYoungGen      total 6144K, used 512K [0x00000000d5580000, 0x00000000d7180000, 0x0000000100000000)
  eden space 5632K, 0% used [0x00000000d5580000,0x00000000d5580000,0x00000000d5b00000)
  from space 512K, 100% used [0x00000000d6300000,0x00000000d6380000,0x00000000d6380000)
  to   space 8192K, 0% used [0x00000000d5b00000,0x00000000d5b00000,0x00000000d6300000)
 ParOldGen       total 75776K, used 75634K [0x0000000080000000, 0x0000000084a00000, 0x00000000d5580000)
  object space 75776K, 99% used [0x0000000080000000,0x00000000849dca28,0x0000000084a00000)
 Metaspace       used 65989K, committed 67584K, reserved 1114112K
  class space    used 6858K, committed 7552K, reserved 1048576K
}

