# JRE version: OpenJDK Runtime Environment Temurin-21.0.9+10 (21.0.9+10) (build 21.0.9+10-LTS)
# Java VM: OpenJDK 64-Bit Server VM Temurin-21.0.9+10 (21.0.9+10-LTS, mixed mode, sharing, tiered, compressed oops, compressed class ptrs, parallel gc, windows-amd64)
GC Precious Log:
 CardTable entry size: 512
 CPUs: 12 total, 12 available
 Memory: 15556M
 Large Page Support: Disabled
 NUMA Support: Disabled
 Compressed Oops: Enabled (32-bit)
 Alignments: Space 512K, Generation 512K, Heap 2M
 Heap Min Capacity: 100M
 Heap Initial Capacity: 100M
 Heap Max Capacity: 2G
 Pre-touch: Disabled
 Parallel Workers: 10
Heap:
 PSYoungGen      total 20992K, used 16227K [0x00000000d5580000, 0x00000000d7380000, 0x0000000100000000)
  eden space 13312K, 66% used [0x00000000d5580000,0x00000000d5e1d9f0,0x00000000d6280000)
  from space 7680K, 96% used [0x00000000d6c00000,0x00000000d733b420,0x00000000d7380000)
  to   space 8192K, 0% used [0x00000000d6380000,0x00000000d6380000,0x00000000d6b80000)
 ParOldGen       total 107008K, used 106726K [0x0000000080000000, 0x0000000086880000, 0x00000000d5580000)
  object space 107008K, 99% used [0x0000000080000000,0x00000000868398b8,0x0000000086880000)
 Metaspace       used 70704K, committed 72320K, reserved 1114112K
  class space    used 7145K, committed 7872K, reserved 1048576K
GC Heap History (20 events):
Event: 62.517 GC heap before
{Heap before GC invocations=68 (full 3):
 PSYoungGen      total 18944K, used 18708K [0x00000000d5580000, 0x00000000d6b80000, 0x0000000100000000)
  eden space 18432K, 98% used [0x00000000d5580000,0x00000000d6745308,0x00000000d6780000)
  from space 512K, 100% used [0x00000000d6b00000,0x00000000d6b80000,0x00000000d6b80000)
  to   space 1024K, 0% used [0x00000000d6980000,0x00000000d6980000,0x00000000d6a80000)
 ParOldGen       total 81408K, used 81302K [0x0000000080000000, 0x0000000084f80000, 0x00000000d5580000)
  object space 81408K, 99% used [0x0000000080000000,0x0000000084f65b80,0x0000000084f80000)
 Metaspace       used 69345K, committed 70912K, reserved 1114112K
  class space    used 7067K, committed 7744K, reserved 1048576K
}
Event: 62.519 GC heap after
{Heap after GC invocations=68 (full 3):
 PSYoungGen      total 19456K, used 768K [0x00000000d5580000, 0x00000000d6b80000, 0x0000000100000000)
  eden space 18432K, 0% used [0x00000000d5580000,0x00000000d5580000,0x00000000d6780000)
  from space 1024K, 75% used [0x00000000d6980000,0x00000000d6a40040,0x00000000d6a80000)
  to   space 1024K, 0% used [0x00000000d6a80000,0x00000000d6a80000,0x00000000d6b80000)
 ParOldGen       total 82944K, used 82606K [0x0000000080000000, 0x0000000085100000, 0x00000000d5580000)
  object space 82944K, 99% used [0x0000000080000000,0x00000000850abb68,0x0000000085100000)
 Metaspace       used 69345K, committed 70912K, reserved 1114112K
  class space    used 7067K, committed 7744K, reserved 1048576K
}
Event: 63.038 GC heap before
{Heap before GC invocations=69 (full 3):
 PSYoungGen      total 19456K, used 19200K [0x00000000d5580000, 0x00000000d6b80000, 0x0000000100000000)
  eden space 18432K, 100% used [0x00000000d5580000,0x00000000d6780000,0x00000000d6780000)
  from space 1024K, 75% used [0x00000000d6980000,0x00000000d6a40040,0x00000000d6a80000)
  to   space 1024K, 0% used [0x00000000d6a80000,0x00000000d6a80000,0x00000000d6b80000)
 ParOldGen       total 82944K, used 82606K [0x0000000080000000, 0x0000000085100000, 0x00000000d5580000)
  object space 82944K, 99% used [0x0000000080000000,0x00000000850abb68,0x0000000085100000)
 Metaspace       used 69412K, committed 70976K, reserved 1114112K
  class space    used 7072K, committed 7744K, reserved 1048576K
}
Event: 63.041 GC heap after
{Heap after GC invocations=69 (full 3):
 PSYoungGen      total 16384K, used 1003K [0x00000000d5580000, 0x00000000d7380000, 0x0000000100000000)
  eden space 15360K, 0% used [0x00000000d5580000,0x00000000d5580000,0x00000000d6480000)
  from space 1024K, 97% used [0x00000000d6a80000,0x00000000d6b7ac20,0x00000000d6b80000)
  to   space 6144K, 0% used [0x00000000d6480000,0x00000000d6480000,0x00000000d6a80000)
 ParOldGen       total 87040K, used 86607K [0x0000000080000000, 0x0000000085500000, 0x00000000d5580000)
  object space 87040K, 99% used [0x0000000080000000,0x0000000085493c40,0x0000000085500000)
 Metaspace       used 69412K, committed 70976K, reserved 1114112K
  class space    used 7072K, committed 7744K, reserved 1048576K
}
Event: 64.690 GC heap before
{Heap before GC invocations=70 (full 3):
 PSYoungGen      total 16384K, used 16363K [0x00000000d5580000, 0x00000000d7380000, 0x0000000100000000)
  eden space 15360K, 100% used [0x00000000d5580000,0x00000000d6480000,0x00000000d6480000)
  from space 1024K, 97% used [0x00000000d6a80000,0x00000000d6b7ac20,0x00000000d6b80000)
  to   space 6144K, 0% used [0x00000000d6480000,0x00000000d6480000,0x00000000d6a80000)
 ParOldGen       total 87040K, used 86607K [0x0000000080000000, 0x0000000085500000, 0x00000000d5580000)
  object space 87040K, 99% used [0x0000000080000000,0x0000000085493c40,0x0000000085500000)
 Metaspace       used 69725K, committed 71296K, reserved 1114112K
  class space    used 7103K, committed 7808K, reserved 1048576K
}
Event: 64.693 GC heap after
{Heap after GC invocations=70 (full 3):
 PSYoungGen      total 18944K, used 3455K [0x00000000d5580000, 0x00000000d6c80000, 0x0000000100000000)
  eden space 15360K, 0% used [0x00000000d5580000,0x00000000d5580000,0x00000000d6480000)
  from space 3584K, 96% used [0x00000000d6480000,0x00000000d67dfc80,0x00000000d6800000)
  to   space 4096K, 0% used [0x00000000d6880000,0x00000000d6880000,0x00000000d6c80000)
 ParOldGen       total 88064K, used 87634K [0x0000000080000000, 0x0000000085600000, 0x00000000d5580000)
  object space 88064K, 99% used [0x0000000080000000,0x0000000085594860,0x0000000085600000)
 Metaspace       used 69725K, committed 71296K, reserved 1114112K
  class space    used 7103K, committed 7808K, reserved 1048576K
}
Event: 65.447 GC heap before
{Heap before GC invocations=71 (full 3):
 PSYoungGen      total 18944K, used 18815K [0x00000000d5580000, 0x00000000d6c80000, 0x0000000100000000)
  eden space 15360K, 100% used [0x00000000d5580000,0x00000000d6480000,0x00000000d6480000)
  from space 3584K, 96% used [0x00000000d6480000,0x00000000d67dfc80,0x00000000d6800000)
  to   space 4096K, 0% used [0x00000000d6880000,0x00000000d6880000,0x00000000d6c80000)
 ParOldGen       total 88064K, used 87634K [0x0000000080000000, 0x0000000085600000, 0x00000000d5580000)
  object space 88064K, 99% used [0x0000000080000000,0x0000000085594860,0x0000000085600000)
 Metaspace       used 69963K, committed 71552K, reserved 1114112K
  class space    used 7123K, committed 7808K, reserved 1048576K
}
Event: 65.453 GC heap after
{Heap after GC invocations=71 (full 3):
 PSYoungGen      total 16384K, used 928K [0x00000000d5580000, 0x00000000d6980000, 0x0000000100000000)
  eden space 15360K, 0% used [0x00000000d5580000,0x00000000d5580000,0x00000000d6480000)
  from space 1024K, 90% used [0x00000000d6880000,0x00000000d6968000,0x00000000d6980000)
  to   space 2048K, 0% used [0x00000000d6580000,0x00000000d6580000,0x00000000d6780000)
 ParOldGen       total 90624K, used 90542K [0x0000000080000000, 0x0000000085880000, 0x00000000d5580000)
  object space 90624K, 99% used [0x0000000080000000,0x000000008586bab8,0x0000000085880000)
 Metaspace       used 69963K, committed 71552K, reserved 1114112K
  class space    used 7123K, committed 7808K, reserved 1048576K
}
Event: 74.178 GC heap before
{Heap before GC invocations=72 (full 3):
 PSYoungGen      total 16384K, used 16288K [0x00000000d5580000, 0x00000000d6980000, 0x0000000100000000)
  eden space 15360K, 100% used [0x00000000d5580000,0x00000000d6480000,0x00000000d6480000)
  from space 1024K, 90% used [0x00000000d6880000,0x00000000d6968000,0x00000000d6980000)
  to   space 2048K, 0% used [0x00000000d6580000,0x00000000d6580000,0x00000000d6780000)
 ParOldGen       total 90624K, used 90542K [0x0000000080000000, 0x0000000085880000, 0x00000000d5580000)
  object space 90624K, 99% used [0x0000000080000000,0x000000008586bab8,0x0000000085880000)
 Metaspace       used 70221K, committed 71808K, reserved 1114112K
  class space    used 7142K, committed 7872K, reserved 1048576K
}
Event: 74.180 GC heap after
{Heap after GC invocations=72 (full 3):
 PSYoungGen      total 16896K, used 1515K [0x00000000d5580000, 0x00000000d6900000, 0x0000000100000000)
  eden space 15360K, 0% used [0x00000000d5580000,0x00000000d5580000,0x00000000d6480000)
  from space 1536K, 98% used [0x00000000d6580000,0x00000000d66fac60,0x00000000d6700000)
  to   space 2048K, 0% used [0x00000000d6700000,0x00000000d6700000,0x00000000d6900000)
 ParOldGen       total 91648K, used 91249K [0x0000000080000000, 0x0000000085980000, 0x00000000d5580000)
  object space 91648K, 99% used [0x0000000080000000,0x000000008591c768,0x0000000085980000)
 Metaspace       used 70221K, committed 71808K, reserved 1114112K
  class space    used 7142K, committed 7872K, reserved 1048576K
}
Event: 74.456 GC heap before
{Heap before GC invocations=73 (full 3):
 PSYoungGen      total 16896K, used 16875K [0x00000000d5580000, 0x00000000d6900000, 0x0000000100000000)
  eden space 15360K, 100% used [0x00000000d5580000,0x00000000d6480000,0x00000000d6480000)
  from space 1536K, 98% used [0x00000000d6580000,0x00000000d66fac60,0x00000000d6700000)
  to   space 2048K, 0% used [0x00000000d6700000,0x00000000d6700000,0x00000000d6900000)
 ParOldGen       total 91648K, used 91249K [0x0000000080000000, 0x0000000085980000, 0x00000000d5580000)
  object space 91648K, 99% used [0x0000000080000000,0x000000008591c768,0x0000000085980000)
 Metaspace       used 70341K, committed 72000K, reserved 1114112K
  class space    used 7142K, committed 7872K, reserved 1048576K
}
Event: 74.458 GC heap after
{Heap after GC invocations=73 (full 3):
 PSYoungGen      total 15360K, used 2042K [0x00000000d5580000, 0x00000000d6d80000, 0x0000000100000000)
  eden space 13312K, 0% used [0x00000000d5580000,0x00000000d5580000,0x00000000d6280000)
  from space 2048K, 99% used [0x00000000d6700000,0x00000000d68fe868,0x00000000d6900000)
  to   space 4608K, 0% used [0x00000000d6280000,0x00000000d6280000,0x00000000d6700000)
 ParOldGen       total 93696K, used 93331K [0x0000000080000000, 0x0000000085b80000, 0x00000000d5580000)
  object space 93696K, 99% used [0x0000000080000000,0x0000000085b24e28,0x0000000085b80000)
 Metaspace       used 70341K, committed 72000K, reserved 1114112K
  class space    used 7142K, committed 7872K, reserved 1048576K
}
Event: 74.629 GC heap before
{Heap before GC invocations=74 (full 3):
 PSYoungGen      total 15360K, used 15354K [0x00000000d5580000, 0x00000000d6d80000, 0x0000000100000000)
  eden space 13312K, 100% used [0x00000000d5580000,0x00000000d6280000,0x00000000d6280000)
  from space 2048K, 99% used [0x00000000d6700000,0x00000000d68fe868,0x00000000d6900000)
  to   space 4608K, 0% used [0x00000000d6280000,0x00000000d6280000,0x00000000d6700000)
 ParOldGen       total 93696K, used 93331K [0x0000000080000000, 0x0000000085b80000, 0x00000000d5580000)
  object space 93696K, 99% used [0x0000000080000000,0x0000000085b24e28,0x0000000085b80000)
 Metaspace       used 70447K, committed 72064K, reserved 1114112K
  class space    used 7142K, committed 7872K, reserved 1048576K
}
Event: 74.633 GC heap after
{Heap after GC invocations=74 (full 3):
 PSYoungGen      total 16896K, used 3488K [0x00000000d5580000, 0x00000000d6a80000, 0x0000000100000000)
  eden space 13312K, 0% used [0x00000000d5580000,0x00000000d5580000,0x00000000d6280000)
  from space 3584K, 97% used [0x00000000d6280000,0x00000000d65e8040,0x00000000d6600000)
  to   space 4096K, 0% used [0x00000000d6680000,0x00000000d6680000,0x00000000d6a80000)
 ParOldGen       total 95232K, used 95213K [0x0000000080000000, 0x0000000085d00000, 0x00000000d5580000)
  object space 95232K, 99% used [0x0000000080000000,0x0000000085cfb470,0x0000000085d00000)
 Metaspace       used 70447K, committed 72064K, reserved 1114112K
  class space    used 7142K, committed 7872K, reserved 1048576K
}
Event: 75.244 GC heap before
{Heap before GC invocations=75 (full 3):
 PSYoungGen      total 16896K, used 16800K [0x00000000d5580000, 0x00000000d6a80000, 0x0000000100000000)
  eden space 13312K, 100% used [0x00000000d5580000,0x00000000d6280000,0x00000000d6280000)
  from space 3584K, 97% used [0x00000000d6280000,0x00000000d65e8040,0x00000000d6600000)
  to   space 4096K, 0% used [0x00000000d6680000,0x00000000d6680000,0x00000000d6a80000)
 ParOldGen       total 95232K, used 95213K [0x0000000080000000, 0x0000000085d00000, 0x00000000d5580000)
  object space 95232K, 99% used [0x0000000080000000,0x0000000085cfb470,0x0000000085d00000)
 Metaspace       used 70558K, committed 72192K, reserved 1114112K
  class space    used 7142K, committed 7872K, reserved 1048576K
}
Event: 75.248 GC heap after
{Heap after GC invocations=75 (full 3):
 PSYoungGen      total 17408K, used 3595K [0x00000000d5580000, 0x00000000d6a80000, 0x0000000100000000)
  eden space 13312K, 0% used [0x00000000d5580000,0x00000000d5580000,0x00000000d6280000)
  from space 4096K, 87% used [0x00000000d6680000,0x00000000d6a02e98,0x00000000d6a80000)
  to   space 4096K, 0% used [0x00000000d6280000,0x00000000d6280000,0x00000000d6680000)
 ParOldGen       total 98816K, used 98357K [0x0000000080000000, 0x0000000086080000, 0x00000000d5580000)
  object space 98816K, 99% used [0x0000000080000000,0x000000008600d480,0x0000000086080000)
 Metaspace       used 70558K, committed 72192K, reserved 1114112K
  class space    used 7142K, committed 7872K, reserved 1048576K
}
Event: 75.482 GC heap before
{Heap before GC invocations=76 (full 3):
 PSYoungGen      total 17408K, used 16907K [0x00000000d5580000, 0x00000000d6a80000, 0x0000000100000000)
  eden space 13312K, 100% used [0x00000000d5580000,0x00000000d6280000,0x00000000d6280000)
  from space 4096K, 87% used [0x00000000d6680000,0x00000000d6a02e98,0x00000000d6a80000)
  to   space 4096K, 0% used [0x00000000d6280000,0x00000000d6280000,0x00000000d6680000)
 ParOldGen       total 98816K, used 98357K [0x0000000080000000, 0x0000000086080000, 0x00000000d5580000)
  object space 98816K, 99% used [0x0000000080000000,0x000000008600d480,0x0000000086080000)
 Metaspace       used 70603K, committed 72192K, reserved 1114112K
  class space    used 7144K, committed 7872K, reserved 1048576K
}
Event: 75.486 GC heap after
{Heap after GC invocations=76 (full 3):
 PSYoungGen      total 17408K, used 4094K [0x00000000d5580000, 0x00000000d7580000, 0x0000000100000000)
  eden space 13312K, 0% used [0x00000000d5580000,0x00000000d5580000,0x00000000d6280000)
  from space 4096K, 99% used [0x00000000d6280000,0x00000000d667fbc8,0x00000000d6680000)
  to   space 9728K, 0% used [0x00000000d6c00000,0x00000000d6c00000,0x00000000d7580000)
 ParOldGen       total 102912K, used 102795K [0x0000000080000000, 0x0000000086480000, 0x00000000d5580000)
  object space 102912K, 99% used [0x0000000080000000,0x0000000086462c80,0x0000000086480000)
 Metaspace       used 70603K, committed 72192K, reserved 1114112K
  class space    used 7144K, committed 7872K, reserved 1048576K
}
Event: 75.583 GC heap before
{Heap before GC invocations=77 (full 3):
 PSYoungGen      total 17408K, used 17066K [0x00000000d5580000, 0x00000000d7580000, 0x0000000100000000)
  eden space 13312K, 97% used [0x00000000d5580000,0x00000000d622ad10,0x00000000d6280000)
  from space 4096K, 99% used [0x00000000d6280000,0x00000000d667fbc8,0x00000000d6680000)
  to   space 9728K, 0% used [0x00000000d6c00000,0x00000000d6c00000,0x00000000d7580000)
 ParOldGen       total 102912K, used 102795K [0x0000000080000000, 0x0000000086480000, 0x00000000d5580000)
  object space 102912K, 99% used [0x0000000080000000,0x0000000086462c80,0x0000000086480000)
 Metaspace       used 70648K, committed 72256K, reserved 1114112K
  class space    used 7145K, committed 7872K, reserved 1048576K
}
Event: 75.594 GC heap after
{Heap after GC invocations=77 (full 3):
 PSYoungGen      total 20992K, used 7405K [0x00000000d5580000, 0x00000000d7380000, 0x0000000100000000)
  eden space 13312K, 0% used [0x00000000d5580000,0x00000000d5580000,0x00000000d6280000)
  from space 7680K, 96% used [0x00000000d6c00000,0x00000000d733b420,0x00000000d7380000)
  to   space 8192K, 0% used [0x00000000d6380000,0x00000000d6380000,0x00000000d6b80000)
 ParOldGen       total 107008K, used 106726K [0x0000000080000000, 0x0000000086880000, 0x00000000d5580000)
  object space 107008K, 99% used [0x0000000080000000,0x00000000868398b8,0x0000000086880000)
 Metaspace       used 70648K, committed 72256K, reserved 1114112K
  class space    used 7145K, committed 7872K, reserved 1048576K
}

