# JRE version: OpenJDK Runtime Environment (21.0.8) (build 21.0.8+-14196175-b1038.72)
# Java VM: OpenJDK 64-Bit Server VM (21.0.8+-14196175-b1038.72, mixed mode, tiered, compressed oops, compressed class ptrs, g1 gc, windows-amd64)
GC Precious Log:
 CardTable entry size: 512
 Card Set container configuration: InlinePtr #cards 5 size 8 Array Of Cards #cards 12 size 40 Howl #buckets 4 coarsen threshold 1843 Howl Bitmap #cards 512 size 80 coarsen threshold 460 Card regions per heap region 1 cards per card region 2048
 CPUs: 12 total, 12 available
 Memory: 15556M
 Large Page Support: Disabled
 NUMA Support: Disabled
 Compressed Oops: Enabled (32-bit)
 Heap Region Size: 1M
 Heap Min Capacity: 8M
 Heap Initial Capacity: 244M
 Heap Max Capacity: 2G
 Pre-touch: Disabled
 Parallel Workers: 10
 Concurrent Workers: 3
 Concurrent Refinement Workers: 10
 Periodic GC: Disabled
Heap:
 garbage-first heap   total 261120K, used 168682K [0x0000000080000000, 0x0000000100000000)
  region size 1024K, 21 young (21504K), 10 survivors (10240K)
 Metaspace       used 128995K, committed 131072K, reserved 1179648K
  class space    used 17800K, committed 18816K, reserved 1048576K
GC Heap History (20 events):
Event: 17.959 GC heap before
{Heap before GC invocations=34 (full 0):
 garbage-first heap   total 209920K, used 182399K [0x0000000080000000, 0x0000000100000000)
  region size 1024K, 61 young (62464K), 6 survivors (6144K)
 Metaspace       used 87054K, committed 88832K, reserved 1179648K
  class space    used 12066K, committed 12928K, reserved 1048576K
}
Event: 17.964 GC heap after
{Heap after GC invocations=35 (full 0):
 garbage-first heap   total 209920K, used 128886K [0x0000000080000000, 0x0000000100000000)
  region size 1024K, 8 young (8192K), 8 survivors (8192K)
 Metaspace       used 87054K, committed 88832K, reserved 1179648K
  class space    used 12066K, committed 12928K, reserved 1048576K
}
Event: 18.595 GC heap before
{Heap before GC invocations=35 (full 0):
 garbage-first heap   total 209920K, used 184182K [0x0000000080000000, 0x0000000100000000)
  region size 1024K, 62 young (63488K), 8 survivors (8192K)
 Metaspace       used 92630K, committed 94528K, reserved 1179648K
  class space    used 12808K, committed 13696K, reserved 1048576K
}
Event: 18.602 GC heap after
{Heap after GC invocations=36 (full 0):
 garbage-first heap   total 209920K, used 131718K [0x0000000080000000, 0x0000000100000000)
  region size 1024K, 6 young (6144K), 6 survivors (6144K)
 Metaspace       used 92630K, committed 94528K, reserved 1179648K
  class space    used 12808K, committed 13696K, reserved 1048576K
}
Event: 19.283 GC heap before
{Heap before GC invocations=37 (full 0):
 garbage-first heap   total 220160K, used 188038K [0x0000000080000000, 0x0000000100000000)
  region size 1024K, 61 young (62464K), 6 survivors (6144K)
 Metaspace       used 94288K, committed 96192K, reserved 1179648K
  class space    used 13060K, committed 13952K, reserved 1048576K
}
Event: 19.288 GC heap after
{Heap after GC invocations=38 (full 0):
 garbage-first heap   total 220160K, used 135891K [0x0000000080000000, 0x0000000100000000)
  region size 1024K, 7 young (7168K), 7 survivors (7168K)
 Metaspace       used 94288K, committed 96192K, reserved 1179648K
  class space    used 13060K, committed 13952K, reserved 1048576K
}
Event: 20.092 GC heap before
{Heap before GC invocations=38 (full 0):
 garbage-first heap   total 220160K, used 196307K [0x0000000080000000, 0x0000000100000000)
  region size 1024K, 66 young (67584K), 7 survivors (7168K)
 Metaspace       used 99076K, committed 100928K, reserved 1179648K
  class space    used 13925K, committed 14784K, reserved 1048576K
}
Event: 20.098 GC heap after
{Heap after GC invocations=39 (full 0):
 garbage-first heap   total 220160K, used 137938K [0x0000000080000000, 0x0000000100000000)
  region size 1024K, 7 young (7168K), 7 survivors (7168K)
 Metaspace       used 99076K, committed 100928K, reserved 1179648K
  class space    used 13925K, committed 14784K, reserved 1048576K
}
Event: 20.804 GC heap before
{Heap before GC invocations=39 (full 0):
 garbage-first heap   total 220160K, used 185042K [0x0000000080000000, 0x0000000100000000)
  region size 1024K, 54 young (55296K), 7 survivors (7168K)
 Metaspace       used 102622K, committed 104512K, reserved 1179648K
  class space    used 14424K, committed 15360K, reserved 1048576K
}
Event: 20.809 GC heap after
{Heap after GC invocations=40 (full 0):
 garbage-first heap   total 220160K, used 140635K [0x0000000080000000, 0x0000000100000000)
  region size 1024K, 5 young (5120K), 5 survivors (5120K)
 Metaspace       used 102622K, committed 104512K, reserved 1179648K
  class space    used 14424K, committed 15360K, reserved 1048576K
}
Event: 21.985 GC heap before
{Heap before GC invocations=41 (full 0):
 garbage-first heap   total 239616K, used 204123K [0x0000000080000000, 0x0000000100000000)
  region size 1024K, 64 young (65536K), 5 survivors (5120K)
 Metaspace       used 111591K, committed 113600K, reserved 1179648K
  class space    used 15626K, committed 16576K, reserved 1048576K
}
Event: 21.990 GC heap after
{Heap after GC invocations=42 (full 0):
 garbage-first heap   total 239616K, used 145284K [0x0000000080000000, 0x0000000100000000)
  region size 1024K, 6 young (6144K), 6 survivors (6144K)
 Metaspace       used 111591K, committed 113600K, reserved 1179648K
  class space    used 15626K, committed 16576K, reserved 1048576K
}
Event: 23.455 GC heap before
{Heap before GC invocations=42 (full 0):
 garbage-first heap   total 239616K, used 215940K [0x0000000080000000, 0x0000000100000000)
  region size 1024K, 75 young (76800K), 6 survivors (6144K)
 Metaspace       used 118967K, committed 120960K, reserved 1179648K
  class space    used 16711K, committed 17664K, reserved 1048576K
}
Event: 23.462 GC heap after
{Heap after GC invocations=43 (full 0):
 garbage-first heap   total 239616K, used 148765K [0x0000000080000000, 0x0000000100000000)
  region size 1024K, 10 young (10240K), 10 survivors (10240K)
 Metaspace       used 118967K, committed 120960K, reserved 1179648K
  class space    used 16711K, committed 17664K, reserved 1048576K
}
Event: 23.759 GC heap before
{Heap before GC invocations=43 (full 0):
 garbage-first heap   total 239616K, used 161053K [0x0000000080000000, 0x0000000100000000)
  region size 1024K, 23 young (23552K), 10 survivors (10240K)
 Metaspace       used 120392K, committed 122368K, reserved 1179648K
  class space    used 16846K, committed 17792K, reserved 1048576K
}
Event: 23.765 GC heap after
{Heap after GC invocations=44 (full 0):
 garbage-first heap   total 239616K, used 150519K [0x0000000080000000, 0x0000000100000000)
  region size 1024K, 6 young (6144K), 6 survivors (6144K)
 Metaspace       used 120392K, committed 122368K, reserved 1179648K
  class space    used 16846K, committed 17792K, reserved 1048576K
}
Event: 33.777 GC heap before
{Heap before GC invocations=45 (full 0):
 garbage-first heap   total 261120K, used 222199K [0x0000000080000000, 0x0000000100000000)
  region size 1024K, 72 young (73728K), 6 survivors (6144K)
 Metaspace       used 128500K, committed 130560K, reserved 1179648K
  class space    used 17784K, committed 18752K, reserved 1048576K
}
Event: 33.782 GC heap after
{Heap after GC invocations=46 (full 0):
 garbage-first heap   total 261120K, used 155512K [0x0000000080000000, 0x0000000100000000)
  region size 1024K, 9 young (9216K), 9 survivors (9216K)
 Metaspace       used 128500K, committed 130560K, reserved 1179648K
  class space    used 17784K, committed 18752K, reserved 1048576K
}
Event: 35.880 GC heap before
{Heap before GC invocations=46 (full 0):
 garbage-first heap   total 261120K, used 236408K [0x0000000080000000, 0x0000000100000000)
  region size 1024K, 89 young (91136K), 9 survivors (9216K)
 Metaspace       used 128731K, committed 130816K, reserved 1179648K
  class space    used 17787K, committed 18816K, reserved 1048576K
}
Event: 35.887 GC heap after
{Heap after GC invocations=47 (full 0):
 garbage-first heap   total 261120K, used 158442K [0x0000000080000000, 0x0000000100000000)
  region size 1024K, 10 young (10240K), 10 survivors (10240K)
 Metaspace       used 128731K, committed 130816K, reserved 1179648K
  class space    used 17787K, committed 18816K, reserved 1048576K
}

