# JRE version: OpenJDK Runtime Environment (21.0.8) (build 21.0.8+-14196175-b1038.72)
# Java VM: OpenJDK 64-Bit Server VM (21.0.8+-14196175-b1038.72, mixed mode, tiered, compressed oops, compressed class ptrs, g1 gc, windows-amd64)
GC Precious Log:
 CardTable entry size: 512
 Card Set container configuration: InlinePtr #cards 5 size 8 Array Of Cards #cards 12 size 40 Howl #buckets 4 coarsen threshold 1843 Howl Bitmap #cards 512 size 80 coarsen threshold 460 Card regions per heap region 1 cards per card region 2048
 CPUs: 12 total, 12 available
 Memory: 15556M
 Large Page Support: Disabled
 NUMA Support: Disabled
 Compressed Oops: Enabled (32-bit)
 Heap Region Size: 1M
 Heap Min Capacity: 8M
 Heap Initial Capacity: 244M
 Heap Max Capacity: 2G
 Pre-touch: Disabled
 Parallel Workers: 10
 Concurrent Workers: 3
 Concurrent Refinement Workers: 10
 Periodic GC: Disabled
Heap:
 garbage-first heap   total 183296K, used 160886K [0x0000000080000000, 0x0000000100000000)
  region size 1024K, 52 young (53248K), 5 survivors (5120K)
 Metaspace       used 112441K, committed 114432K, reserved 1179648K
  class space    used 15805K, committed 16768K, reserved 1048576K
GC Heap History (20 events):
Event: 11.108 GC heap before
{Heap before GC invocations=26 (full 0):
 garbage-first heap   total 141312K, used 132421K [0x0000000080000000, 0x0000000100000000)
  region size 1024K, 54 young (55296K), 4 survivors (4096K)
 Metaspace       used 82773K, committed 84544K, reserved 1179648K
  class space    used 11444K, committed 12288K, reserved 1048576K
}
Event: 11.112 GC heap after
{Heap after GC invocations=27 (full 0):
 garbage-first heap   total 141312K, used 84110K [0x0000000080000000, 0x0000000100000000)
  region size 1024K, 7 young (7168K), 7 survivors (7168K)
 Metaspace       used 82773K, committed 84544K, reserved 1179648K
  class space    used 11444K, committed 12288K, reserved 1048576K
}
Event: 11.462 GC heap before
{Heap before GC invocations=27 (full 0):
 garbage-first heap   total 141312K, used 125070K [0x0000000080000000, 0x0000000100000000)
  region size 1024K, 47 young (48128K), 7 survivors (7168K)
 Metaspace       used 84492K, committed 86208K, reserved 1179648K
  class space    used 11687K, committed 12480K, reserved 1048576K
}
Event: 11.468 GC heap after
{Heap after GC invocations=28 (full 0):
 garbage-first heap   total 141312K, used 86498K [0x0000000080000000, 0x0000000100000000)
  region size 1024K, 6 young (6144K), 6 survivors (6144K)
 Metaspace       used 84492K, committed 86208K, reserved 1179648K
  class space    used 11687K, committed 12480K, reserved 1048576K
}
Event: 11.834 GC heap before
{Heap before GC invocations=28 (full 0):
 garbage-first heap   total 141312K, used 126434K [0x0000000080000000, 0x0000000100000000)
  region size 1024K, 45 young (46080K), 6 survivors (6144K)
 Metaspace       used 86564K, committed 88384K, reserved 1179648K
  class space    used 11987K, committed 12864K, reserved 1048576K
}
Event: 11.839 GC heap after
{Heap after GC invocations=29 (full 0):
 garbage-first heap   total 141312K, used 89136K [0x0000000080000000, 0x0000000100000000)
  region size 1024K, 6 young (6144K), 6 survivors (6144K)
 Metaspace       used 86564K, committed 88384K, reserved 1179648K
  class space    used 11987K, committed 12864K, reserved 1048576K
}
Event: 12.259 GC heap before
{Heap before GC invocations=30 (full 0):
 garbage-first heap   total 152576K, used 126000K [0x0000000080000000, 0x0000000100000000)
  region size 1024K, 42 young (43008K), 6 survivors (6144K)
 Metaspace       used 89559K, committed 91392K, reserved 1179648K
  class space    used 12579K, committed 13440K, reserved 1048576K
}
Event: 12.263 GC heap after
{Heap after GC invocations=31 (full 0):
 garbage-first heap   total 152576K, used 90698K [0x0000000080000000, 0x0000000100000000)
  region size 1024K, 4 young (4096K), 4 survivors (4096K)
 Metaspace       used 89559K, committed 91392K, reserved 1179648K
  class space    used 12579K, committed 13440K, reserved 1048576K
}
Event: 12.794 GC heap before
{Heap before GC invocations=31 (full 0):
 garbage-first heap   total 152576K, used 139850K [0x0000000080000000, 0x0000000100000000)
  region size 1024K, 52 young (53248K), 4 survivors (4096K)
 Metaspace       used 93453K, committed 95296K, reserved 1179648K
  class space    used 13136K, committed 14016K, reserved 1048576K
}
Event: 12.798 GC heap after
{Heap after GC invocations=32 (full 0):
 garbage-first heap   total 152576K, used 92982K [0x0000000080000000, 0x0000000100000000)
  region size 1024K, 4 young (4096K), 4 survivors (4096K)
 Metaspace       used 93453K, committed 95296K, reserved 1179648K
  class space    used 13136K, committed 14016K, reserved 1048576K
}
Event: 13.416 GC heap before
{Heap before GC invocations=32 (full 0):
 garbage-first heap   total 152576K, used 140086K [0x0000000080000000, 0x0000000100000000)
  region size 1024K, 50 young (51200K), 4 survivors (4096K)
 Metaspace       used 97059K, committed 98944K, reserved 1179648K
  class space    used 13677K, committed 14592K, reserved 1048576K
}
Event: 13.421 GC heap after
{Heap after GC invocations=33 (full 0):
 garbage-first heap   total 152576K, used 95796K [0x0000000080000000, 0x0000000100000000)
  region size 1024K, 7 young (7168K), 7 survivors (7168K)
 Metaspace       used 97059K, committed 98944K, reserved 1179648K
  class space    used 13677K, committed 14592K, reserved 1048576K
}
Event: 13.910 GC heap before
{Heap before GC invocations=34 (full 0):
 garbage-first heap   total 160768K, used 135732K [0x0000000080000000, 0x0000000100000000)
  region size 1024K, 46 young (47104K), 7 survivors (7168K)
 Metaspace       used 101329K, committed 103296K, reserved 1179648K
  class space    used 14280K, committed 15232K, reserved 1048576K
}
Event: 13.916 GC heap after
{Heap after GC invocations=35 (full 0):
 garbage-first heap   total 160768K, used 98012K [0x0000000080000000, 0x0000000100000000)
  region size 1024K, 6 young (6144K), 6 survivors (6144K)
 Metaspace       used 101329K, committed 103296K, reserved 1179648K
  class space    used 14280K, committed 15232K, reserved 1048576K
}
Event: 14.378 GC heap before
{Heap before GC invocations=35 (full 0):
 garbage-first heap   total 160768K, used 144092K [0x0000000080000000, 0x0000000100000000)
  region size 1024K, 51 young (52224K), 6 survivors (6144K)
 Metaspace       used 103153K, committed 105088K, reserved 1179648K
  class space    used 14530K, committed 15488K, reserved 1048576K
}
Event: 14.384 GC heap after
{Heap after GC invocations=36 (full 0):
 garbage-first heap   total 160768K, used 102400K [0x0000000080000000, 0x0000000100000000)
  region size 1024K, 7 young (7168K), 7 survivors (7168K)
 Metaspace       used 103153K, committed 105088K, reserved 1179648K
  class space    used 14530K, committed 15488K, reserved 1048576K
}
Event: 14.786 GC heap before
{Heap before GC invocations=36 (full 0):
 garbage-first heap   total 160768K, used 144384K [0x0000000080000000, 0x0000000100000000)
  region size 1024K, 48 young (49152K), 7 survivors (7168K)
 Metaspace       used 104120K, committed 106176K, reserved 1179648K
  class space    used 14710K, committed 15680K, reserved 1048576K
}
Event: 14.792 GC heap after
{Heap after GC invocations=37 (full 0):
 garbage-first heap   total 160768K, used 109067K [0x0000000080000000, 0x0000000100000000)
  region size 1024K, 6 young (6144K), 6 survivors (6144K)
 Metaspace       used 104120K, committed 106176K, reserved 1179648K
  class space    used 14710K, committed 15680K, reserved 1048576K
}
Event: 15.725 GC heap before
{Heap before GC invocations=38 (full 0):
 garbage-first heap   total 183296K, used 142859K [0x0000000080000000, 0x0000000100000000)
  region size 1024K, 40 young (40960K), 6 survivors (6144K)
 Metaspace       used 107972K, committed 110016K, reserved 1179648K
  class space    used 15264K, committed 16256K, reserved 1048576K
}
Event: 15.732 GC heap after
{Heap after GC invocations=39 (full 0):
 garbage-first heap   total 183296K, used 114806K [0x0000000080000000, 0x0000000100000000)
  region size 1024K, 5 young (5120K), 5 survivors (5120K)
 Metaspace       used 107972K, committed 110016K, reserved 1179648K
  class space    used 15264K, committed 16256K, reserved 1048576K
}

